<?xml version="1.0" encoding="UTF-8"?>
<!-- Generated by org.testng.reporters.JUnitXMLReporter -->
<testsuite hostname="INMAA1-L1005" name="TestNgMavenTest" tests="2" failures="0" timestamp="27 Feb 2015 17:00:26 GMT" time="0.02" errors="0">
  <testcase name="exampleOfTestNgMaven" time="0.008" classname="com.javacodegeeks.testng.maven.TestNgMavenExample"/>
  <testcase name="oneMoreTest" time="0.0" classname="com.javacodegeeks.testng.maven.TestNgMavenSecondClass"/>
</testsuite> <!-- TestNgMavenTest -->
