<?xml version="1.0" encoding="UTF-8"?>
<testng-results skipped="0" failed="0" total="2" passed="2">
  <reporter-output>
  </reporter-output>
  <suite name="TestNgMavenExampleSuite" duration-ms="36195" started-at="2015-09-02T09:11:15Z" finished-at="2015-09-02T09:11:51Z">
    <groups>
    </groups>
    <test name="TestNgMavenTest" duration-ms="36195" started-at="2015-09-02T09:11:15Z" finished-at="2015-09-02T09:11:51Z">
      <class name="com.javacodegeeks.testng.maven.TestNgMavenExample">
        <test-method status="PASS" signature="beforeTest()[pri:0, instance:com.javacodegeeks.testng.maven.TestNgMavenExample@8c5214]" name="beforeTest" is-config="true" duration-ms="41" started-at="2015-09-02T14:41:15Z" finished-at="2015-09-02T14:41:15Z">
          <reporter-output>
          </reporter-output>
        </test-method> <!-- beforeTest -->
        <test-method status="PASS" signature="beforeClass()[pri:0, instance:com.javacodegeeks.testng.maven.TestNgMavenExample@8c5214]" name="beforeClass" is-config="true" duration-ms="8300" started-at="2015-09-02T14:41:15Z" finished-at="2015-09-02T14:41:23Z">
          <reporter-output>
          </reporter-output>
        </test-method> <!-- beforeClass -->
        <test-method status="PASS" signature="beforeMethod()[pri:0, instance:com.javacodegeeks.testng.maven.TestNgMavenExample@8c5214]" name="beforeMethod" is-config="true" duration-ms="2" started-at="2015-09-02T14:41:23Z" finished-at="2015-09-02T14:41:23Z">
          <reporter-output>
          </reporter-output>
        </test-method> <!-- beforeMethod -->
        <test-method status="PASS" signature="beforeMethodWithParam(java.lang.String)[pri:0, instance:com.javacodegeeks.testng.maven.TestNgMavenExample@8c5214]" name="beforeMethodWithParam" is-config="true" duration-ms="1" started-at="2015-09-02T14:41:23Z" finished-at="2015-09-02T14:41:23Z">
          <params>
            <param index="0">
              <value>
                <![CDATA['I am beforeMethod']]>
              </value>
            </param>
          </params>
          <reporter-output>
          </reporter-output>
        </test-method> <!-- beforeMethodWithParam -->
        <test-method status="PASS" signature="staticBeforeMethod()[pri:0, instance:com.javacodegeeks.testng.maven.TestNgMavenExample@8c5214]" name="staticBeforeMethod" is-config="true" duration-ms="0" started-at="2015-09-02T14:41:23Z" finished-at="2015-09-02T14:41:23Z">
          <reporter-output>
          </reporter-output>
        </test-method> <!-- staticBeforeMethod -->
        <test-method status="PASS" signature="googleQuery()[pri:0, instance:com.javacodegeeks.testng.maven.TestNgMavenExample@8c5214]" name="googleQuery" duration-ms="20871" started-at="2015-09-02T14:41:23Z" finished-at="2015-09-02T14:41:44Z">
          <reporter-output>
          </reporter-output>
        </test-method> <!-- googleQuery -->
        <test-method status="PASS" signature="afterMethod()[pri:0, instance:com.javacodegeeks.testng.maven.TestNgMavenExample@8c5214]" name="afterMethod" is-config="true" duration-ms="0" started-at="2015-09-02T14:41:44Z" finished-at="2015-09-02T14:41:44Z">
          <reporter-output>
          </reporter-output>
        </test-method> <!-- afterMethod -->
        <test-method status="PASS" signature="beforeMethodWithParam(java.lang.String)[pri:0, instance:com.javacodegeeks.testng.maven.TestNgMavenExample@8c5214]" name="beforeMethodWithParam" is-config="true" duration-ms="1" started-at="2015-09-02T14:41:44Z" finished-at="2015-09-02T14:41:44Z">
          <params>
            <param index="0">
              <value>
                <![CDATA['I am beforeMethod']]>
              </value>
            </param>
          </params>
          <reporter-output>
          </reporter-output>
        </test-method> <!-- beforeMethodWithParam -->
        <test-method status="PASS" signature="beforeMethod()[pri:0, instance:com.javacodegeeks.testng.maven.TestNgMavenExample@8c5214]" name="beforeMethod" is-config="true" duration-ms="0" started-at="2015-09-02T14:41:44Z" finished-at="2015-09-02T14:41:44Z">
          <reporter-output>
          </reporter-output>
        </test-method> <!-- beforeMethod -->
        <test-method status="PASS" signature="staticBeforeMethod()[pri:0, instance:com.javacodegeeks.testng.maven.TestNgMavenExample@8c5214]" name="staticBeforeMethod" is-config="true" duration-ms="0" started-at="2015-09-02T14:41:44Z" finished-at="2015-09-02T14:41:44Z">
          <reporter-output>
          </reporter-output>
        </test-method> <!-- staticBeforeMethod -->
        <test-method status="PASS" signature="unitLevel2()[pri:0, instance:com.javacodegeeks.testng.maven.TestNgMavenExample@8c5214]" name="unitLevel2" duration-ms="3" started-at="2015-09-02T14:41:44Z" finished-at="2015-09-02T14:41:44Z">
          <reporter-output>
          </reporter-output>
        </test-method> <!-- unitLevel2 -->
        <test-method status="PASS" signature="afterMethod()[pri:0, instance:com.javacodegeeks.testng.maven.TestNgMavenExample@8c5214]" name="afterMethod" is-config="true" duration-ms="1" started-at="2015-09-02T14:41:44Z" finished-at="2015-09-02T14:41:44Z">
          <reporter-output>
          </reporter-output>
        </test-method> <!-- afterMethod -->
        <test-method status="PASS" signature="afterClass()[pri:0, instance:com.javacodegeeks.testng.maven.TestNgMavenExample@8c5214]" name="afterClass" is-config="true" duration-ms="6923" started-at="2015-09-02T14:41:44Z" finished-at="2015-09-02T14:41:51Z">
          <reporter-output>
          </reporter-output>
        </test-method> <!-- afterClass -->
        <test-method status="PASS" signature="afterTest()[pri:0, instance:com.javacodegeeks.testng.maven.TestNgMavenExample@8c5214]" name="afterTest" is-config="true" duration-ms="36" started-at="2015-09-02T14:41:51Z" finished-at="2015-09-02T14:41:51Z">
          <reporter-output>
          </reporter-output>
        </test-method> <!-- afterTest -->
      </class> <!-- com.javacodegeeks.testng.maven.TestNgMavenExample -->
    </test> <!-- TestNgMavenTest -->
  </suite> <!-- TestNgMavenExampleSuite -->
</testng-results>
